0 info it worked if it ends with ok
1 verbose cli [ '/usr/bin/nodejs',
1 verbose cli   '/usr/bin/npm',
1 verbose cli   'install',
1 verbose cli   '--save',
1 verbose cli   'socket@0.9.17' ]
2 info using npm@3.5.2
3 info using node@v4.2.6
4 silly loadCurrentTree Starting
5 silly install loadCurrentTree
6 silly install readLocalPackageData
7 silly fetchPackageMetaData socket@0.9.17
8 silly fetchNamedPackageData socket
9 silly mapToRegistry name socket
10 silly mapToRegistry using default registry
11 silly mapToRegistry registry https://registry.npmjs.org/
12 silly mapToRegistry uri https://registry.npmjs.org/socket
13 verbose request uri https://registry.npmjs.org/socket
14 verbose request no auth needed
15 info attempt registry request try #1 at 11:30:20 PM
16 verbose request id 28d5b31a8c8edc41
17 http request GET https://registry.npmjs.org/socket
18 http 200 https://registry.npmjs.org/socket
19 verbose headers { server: 'nginx/1.10.1',
19 verbose headers   'content-type': 'application/json',
19 verbose headers   'last-modified': 'Wed, 11 Feb 2015 23:42:12 GMT',
19 verbose headers   etag: 'W/"54dbe8d4-5f3"',
19 verbose headers   'content-encoding': 'gzip',
19 verbose headers   'cache-control': 'max-age=300',
19 verbose headers   'content-length': '640',
19 verbose headers   'accept-ranges': 'bytes',
19 verbose headers   date: 'Thu, 22 Jun 2017 20:30:21 GMT',
19 verbose headers   via: '1.1 varnish',
19 verbose headers   age: '0',
19 verbose headers   connection: 'keep-alive',
19 verbose headers   'x-served-by': 'cache-hhn1529-HHN',
19 verbose headers   'x-cache': 'MISS',
19 verbose headers   'x-cache-hits': '0',
19 verbose headers   'x-timer': 'S1498163421.169076,VS0,VE2',
19 verbose headers   vary: 'Accept-Encoding' }
20 silly get cb [ 200,
20 silly get   { server: 'nginx/1.10.1',
20 silly get     'content-type': 'application/json',
20 silly get     'last-modified': 'Wed, 11 Feb 2015 23:42:12 GMT',
20 silly get     etag: 'W/"54dbe8d4-5f3"',
20 silly get     'content-encoding': 'gzip',
20 silly get     'cache-control': 'max-age=300',
20 silly get     'content-length': '640',
20 silly get     'accept-ranges': 'bytes',
20 silly get     date: 'Thu, 22 Jun 2017 20:30:21 GMT',
20 silly get     via: '1.1 varnish',
20 silly get     age: '0',
20 silly get     connection: 'keep-alive',
20 silly get     'x-served-by': 'cache-hhn1529-HHN',
20 silly get     'x-cache': 'MISS',
20 silly get     'x-cache-hits': '0',
20 silly get     'x-timer': 'S1498163421.169076,VS0,VE2',
20 silly get     vary: 'Accept-Encoding' } ]
21 verbose get saving socket to /home/donpiantissimo/.npm/registry.npmjs.org/socket/.cache.json
22 silly fetchPackageMetaData Error: No compatible version found: socket@0.9.17
22 silly fetchPackageMetaData Valid install targets:
22 silly fetchPackageMetaData 0.0.1
22 silly fetchPackageMetaData
22 silly fetchPackageMetaData     at pickVersionFromRegistryDocument (/usr/share/npm/lib/fetch-package-metadata.js:156:16)
22 silly fetchPackageMetaData     at /usr/share/npm/node_modules/iferr/index.js:13:50
22 silly fetchPackageMetaData     at /usr/share/npm/lib/utils/pulse-till-done.js:19:8
22 silly fetchPackageMetaData     at saved (/usr/share/npm/lib/cache/caching-client.js:168:7)
22 silly fetchPackageMetaData     at /usr/share/npm/node_modules/graceful-fs/polyfills.js:210:7
22 silly fetchPackageMetaData     at FSReqWrap.oncomplete (fs.js:82:15)
22 silly fetchPackageMetaData  error for socket@0.9.17 [Error: No compatible version found: socket@0.9.17
22 silly fetchPackageMetaData Valid install targets:
22 silly fetchPackageMetaData 0.0.1
22 silly fetchPackageMetaData ]
23 silly rollbackFailedOptional Starting
24 silly rollbackFailedOptional Finishing
25 silly runTopLevelLifecycles Starting
26 silly runTopLevelLifecycles Finishing
27 silly install printInstalled
28 verbose stack Error: No compatible version found: socket@0.9.17
28 verbose stack Valid install targets:
28 verbose stack 0.0.1
28 verbose stack
28 verbose stack     at pickVersionFromRegistryDocument (/usr/share/npm/lib/fetch-package-metadata.js:156:16)
28 verbose stack     at /usr/share/npm/node_modules/iferr/index.js:13:50
28 verbose stack     at /usr/share/npm/lib/utils/pulse-till-done.js:19:8
28 verbose stack     at saved (/usr/share/npm/lib/cache/caching-client.js:168:7)
28 verbose stack     at /usr/share/npm/node_modules/graceful-fs/polyfills.js:210:7
28 verbose stack     at FSReqWrap.oncomplete (fs.js:82:15)
29 verbose cwd /home/donpiantissimo/netbeans/DnDPranksterSelector
30 error Linux 4.4.0-81-generic
31 error argv "/usr/bin/nodejs" "/usr/bin/npm" "install" "--save" "socket@0.9.17"
32 error node v4.2.6
33 error npm  v3.5.2
34 error No compatible version found: socket@0.9.17
34 error Valid install targets:
34 error 0.0.1
35 error If you need help, you may report this error at:
35 error     <https://github.com/npm/npm/issues>
36 verbose exit [ 1, true ]
